[2155079.301] 
X.Org X Server 1.19.2
Release Date: 2017-03-02
[2155079.302] X Protocol Version 11, Revision 0
[2155079.302] Build Operating System: Linux 4.9.0-8-amd64 x86_64 Debian
[2155079.302] Current Operating System: Linux 7556d63c0d51 4.15.0-91-generic #92-Ubuntu SMP Fri Feb 28 11:09:48 UTC 2020 x86_64
[2155079.302] Kernel command line: BOOT_IMAGE=/boot/vmlinuz-4.15.0-91-generic root=UUID=b2d6b98e-a05e-42d6-84a1-9159e89b9e84 ro console=tty1 console=ttyS0
[2155079.303] Build Date: 03 November 2018  03:09:11AM
[2155079.303] xorg-server 2:1.19.2-1+deb9u5 (https://www.debian.org/support) 
[2155079.303] Current version of pixman: 0.34.0
[2155079.303] 	Before reporting problems, check http://wiki.x.org
	to make sure that you have the latest version.
[2155079.303] Markers: (--) probed, (**) from config file, (==) default setting,
	(++) from command line, (!!) notice, (II) informational,
	(WW) warning, (EE) error, (NI) not implemented, (??) unknown.
[2155079.304] (++) Log file: "/usr/src/osjs/vfs/.xpra/Xorg.:10.log", Time: Fri May 15 13:48:38 2020
[2155079.304] (++) Using config file: "/etc/xpra/xorg.conf"
[2155079.304] (EE) Unable to locate/open config directory: "/usr/src/osjs/vfs/.xpra/xorg.conf.d"
[2155079.304] (==) Using system config directory "/usr/share/X11/xorg.conf.d"
[2155079.305] (==) ServerLayout "dummy_layout"
[2155079.305] (**) |-->Screen "dummy_screen" (0)
[2155079.305] (**) |   |-->Monitor "dummy_monitor"
[2155079.305] (**) |   |-->Device "dummy_videocard"
[2155079.305] (**) Option "DontVTSwitch" "true"
[2155079.305] (**) Option "AllowMouseOpenFail" "true"
[2155079.305] (**) Option "AutoAddDevices" "false"
[2155079.305] (**) Option "AutoEnableDevices" "false"
[2155079.305] (**) Not automatically adding devices
[2155079.305] (**) Not automatically enabling devices
[2155079.305] (==) Automatically adding GPU devices
[2155079.305] (==) Max clients allowed: 256, resource mask: 0x1fffff
[2155079.305] (WW) The directory "/usr/share/fonts/X11/cyrillic" does not exist.
[2155079.305] 	Entry deleted from font path.
[2155079.305] (WW) The directory "/usr/share/fonts/X11/100dpi/" does not exist.
[2155079.305] 	Entry deleted from font path.
[2155079.305] (WW) The directory "/usr/share/fonts/X11/75dpi/" does not exist.
[2155079.305] 	Entry deleted from font path.
[2155079.305] (WW) The directory "/usr/share/fonts/X11/Type1" does not exist.
[2155079.305] 	Entry deleted from font path.
[2155079.305] (WW) The directory "/usr/share/fonts/X11/100dpi" does not exist.
[2155079.305] 	Entry deleted from font path.
[2155079.305] (WW) The directory "/usr/share/fonts/X11/75dpi" does not exist.
[2155079.305] 	Entry deleted from font path.
[2155079.305] (==) FontPath set to:
	/usr/share/fonts/X11/misc,
	built-ins
[2155079.305] (==) ModulePath set to "/usr/lib/xorg/modules"
[2155079.305] (==) |-->Input Device "<default pointer>"
[2155079.305] (==) |-->Input Device "<default keyboard>"
[2155079.305] (==) The core pointer device wasn't specified explicitly in the layout.
	Using the default mouse configuration.
[2155079.305] (==) The core keyboard device wasn't specified explicitly in the layout.
	Using the default keyboard configuration.
[2155079.305] (II) Loader magic: 0x55ecd8cc4e00
[2155079.305] (II) Module ABI versions:
[2155079.305] 	X.Org ANSI C Emulation: 0.4
[2155079.305] 	X.Org Video Driver: 23.0
[2155079.305] 	X.Org XInput driver : 24.1
[2155079.305] 	X.Org Server Extension : 10.0
[2155079.305] (EE) dbus-core: error connecting to system bus: org.freedesktop.DBus.Error.FileNotFound (Failed to connect to socket /var/run/dbus/system_bus_socket: No such file or directory)
[2155079.309] (--) PCI:*(0:0:2:0) 1013:00b8:1af4:1100 rev 0, Mem @ 0xfc000000/33554432, 0xfebd0000/4096, BIOS @ 0x????????/131072
[2155079.309] (II) LoadModule: "glx"
[2155079.309] (II) Loading /usr/lib/xorg/modules/extensions/libglx.so
[2155079.311] (II) Module glx: vendor="X.Org Foundation"
[2155079.311] 	compiled for 1.19.2, module version = 1.0.0
[2155079.311] 	ABI class: X.Org Server Extension, version 10.0
[2155079.311] (II) LoadModule: "dummy"
[2155079.311] (II) Loading /usr/lib/xorg/modules/drivers/dummy_drv.so
[2155079.311] (II) Module dummy: vendor="X.Org Foundation"
[2155079.312] 	compiled for 1.19.0, module version = 0.3.8
[2155079.312] 	Module class: X.Org Video Driver
[2155079.312] 	ABI class: X.Org Video Driver, version 23.0
[2155079.312] (II) LoadModule: "mouse"
[2155079.312] (WW) Warning, couldn't open module mouse
[2155079.312] (II) UnloadModule: "mouse"
[2155079.312] (II) Unloading mouse
[2155079.312] (EE) Failed to load module "mouse" (module does not exist, 0)
[2155079.312] (II) LoadModule: "kbd"
[2155079.312] (WW) Warning, couldn't open module kbd
[2155079.312] (II) UnloadModule: "kbd"
[2155079.312] (II) Unloading kbd
[2155079.312] (EE) Failed to load module "kbd" (module does not exist, 0)
[2155079.312] (II) DUMMY: Driver for Dummy chipsets: dummy
[2155079.312] (WW) Falling back to old probe method for dummy
[2155079.312] (WW) VGA arbiter: cannot open kernel arbiter, no multi-card support
[2155079.312] (II) DUMMY(0): Chipset is a DUMMY
[2155079.312] (**) DUMMY(0): Depth 24, (--) framebuffer bpp 32
[2155079.312] (==) DUMMY(0): RGB weight 888
[2155079.312] (==) DUMMY(0): Default visual is TrueColor
[2155079.312] (==) DUMMY(0): Using gamma correction (1.0, 1.0, 1.0)
[2155079.312] (**) DUMMY(0): VideoRAM: 256000 kByte
[2155079.312] (**) DUMMY(0): Max Clock: 600000 kHz
[2155079.312] (II) DUMMY(0): dummy_monitor: Using hsync range of 1.00-2000.00 kHz
[2155079.312] (II) DUMMY(0): dummy_monitor: Using vrefresh range of 1.00-200.00 Hz
[2155079.312] (II) DUMMY(0): Clock range:  11.00 to 600.00 MHz
[2155079.312] (II) DUMMY(0): Not using mode "7680x4320" (height too large for virtual size)
[2155079.315] (**) DUMMY(0): Virtual size is 8192x4096 (pitch 8192)
[2155079.315] (**) DUMMY(0): *Mode "8192x4096": 193.3 MHz, 21.5 kHz, 5.0 Hz
[2155079.315] (II) DUMMY(0): Modeline "8192x4096"x5.0  193.35  8192 8224 8952 8984  4096 4196 4200 4301 (21.5 kHz z)
[2155079.315] (**) DUMMY(0): *Mode "5120x3200": 199.8 MHz, 33.7 kHz, 10.0 Hz
[2155079.315] (II) DUMMY(0): Modeline "5120x3200"x10.0  199.75  5120 5152 5904 5936  3200 3277 3283 3361 (33.7 kHz z)
[2155079.315] (**) DUMMY(0): *Mode "3840x2880": 133.4 MHz, 30.3 kHz, 10.0 Hz
[2155079.315] (II) DUMMY(0): Modeline "3840x2880"x10.0  133.43  3840 3872 4376 4408  2880 2950 2955 3025 (30.3 kHz z)
[2155079.315] (**) DUMMY(0): *Mode "3840x2560": 116.9 MHz, 26.9 kHz, 10.0 Hz
[2155079.315] (II) DUMMY(0): Modeline "3840x2560"x10.0  116.93  3840 3872 4312 4344  2560 2622 2627 2689 (26.9 kHz z)
[2155079.315] (**) DUMMY(0): *Mode "3840x2048": 91.5 MHz, 21.5 kHz, 10.0 Hz
[2155079.315] (II) DUMMY(0): Modeline "3840x2048"x10.0   91.45  3840 3872 4216 4248  2048 2097 2101 2151 (21.5 kHz z)
[2155079.315] (**) DUMMY(0): *Mode "3840x2160": 104.2 MHz, 21.7 kHz, 10.0 Hz
[2155079.315] (II) DUMMY(0): Modeline "3840x2160"x10.0  104.25  3840 3944 4320 4800  2160 2163 2168 2175 (21.7 kHz z)
[2155079.315] (**) DUMMY(0): *Mode "2048x2048": 49.5 MHz, 21.5 kHz, 10.0 Hz
[2155079.315] (II) DUMMY(0): Modeline "2048x2048"x10.0   49.47  2048 2080 2264 2296  2048 2097 2101 2151 (21.5 kHz z)
[2155079.315] (**) DUMMY(0): *Mode "2560x1600": 47.1 MHz, 16.8 kHz, 10.0 Hz
[2155079.315] (II) DUMMY(0): Modeline "2560x1600"x10.0   47.12  2560 2592 2768 2800  1600 1639 1642 1681 (16.8 kHz z)
[2155079.315] (**) DUMMY(0): *Mode "1920x1440": 69.5 MHz, 29.1 kHz, 20.0 Hz
[2155079.315] (II) DUMMY(0): Modeline "1920x1440"x20.0   69.47  1920 1960 2152 2384  1440 1441 1444 1457 (29.1 kHz z)
[2155079.315] (**) DUMMY(0): *Mode "1920x1200": 26.3 MHz, 12.6 kHz, 10.0 Hz
[2155079.315] (II) DUMMY(0): Modeline "1920x1200"x10.0   26.28  1920 1952 2048 2080  1200 1229 1231 1261 (12.6 kHz z)
[2155079.315] (**) DUMMY(0): *Mode "1920x1080": 23.5 MHz, 11.4 kHz, 10.0 Hz
[2155079.315] (II) DUMMY(0): Modeline "1920x1080"x10.0   23.53  1920 1952 2040 2072  1080 1106 1108 1135 (11.4 kHz z)
[2155079.315] (**) DUMMY(0): *Mode "1600x1200": 22.0 MHz, 12.6 kHz, 10.0 Hz
[2155079.315] (II) DUMMY(0): Modeline "1600x1200"x10.0   22.04  1600 1632 1712 1744  1200 1229 1231 1261 (12.6 kHz z)
[2155079.315] (**) DUMMY(0): *Mode "1680x1050": 20.1 MHz, 11.1 kHz, 10.0 Hz
[2155079.315] (II) DUMMY(0): Modeline "1680x1050"x10.0   20.08  1680 1712 1784 1816  1050 1075 1077 1103 (11.1 kHz z)
[2155079.315] (**) DUMMY(0): *Mode "1600x900": 33.9 MHz, 18.9 kHz, 20.0 Hz
[2155079.315] (II) DUMMY(0): Modeline "1600x900"x20.0   33.92  1600 1632 1760 1792  900 921 924 946 (18.9 kHz z)
[2155079.315] (**) DUMMY(0): *Default mode "1400x1050": 179.3 MHz, 93.8 kHz, 85.0 Hz
[2155079.315] (II) DUMMY(0): Modeline "1400x1050"x85.0  179.26  1400 1504 1656 1912  1050 1051 1054 1103 -hsync +vsync (93.8 kHz zd)
[2155079.315] (**) DUMMY(0): *Mode "1440x900": 30.7 MHz, 19.0 kHz, 20.1 Hz
[2155079.315] (II) DUMMY(0): Modeline "1440x900"x20.1   30.66  1440 1472 1584 1616  900 921 924 946 (19.0 kHz z)
[2155079.315] (**) DUMMY(0): *Mode "1280x1024": 31.5 MHz, 21.6 kHz, 20.1 Hz
[2155079.315] (II) DUMMY(0): Modeline "1280x1024"x20.1   31.50  1280 1312 1424 1456  1024 1048 1052 1076 (21.6 kHz z)
[2155079.315] (**) DUMMY(0): *Mode "1366x768": 72.0 MHz, 48.2 kHz, 60.0 Hz
[2155079.315] (II) DUMMY(0): Modeline "1366x768"x60.0   72.00  1366 1414 1446 1494  768 771 777 803 (48.2 kHz z)
[2155079.315] (**) DUMMY(0): *Mode "1280x800": 24.1 MHz, 16.9 kHz, 20.1 Hz
[2155079.315] (II) DUMMY(0): Modeline "1280x800"x20.1   24.15  1280 1312 1400 1432  800 819 822 841 (16.9 kHz z)
[2155079.315] (**) DUMMY(0): *Mode "1024x768": 23.8 MHz, 20.2 kHz, 25.0 Hz
[2155079.315] (II) DUMMY(0): Modeline "1024x768"x25.0   23.77  1024 1056 1144 1176  768 785 789 807 (20.2 kHz z)
[2155079.315] (**) DUMMY(0): *Mode "1024x600": 18.3 MHz, 15.9 kHz, 25.1 Hz
[2155079.315] (II) DUMMY(0): Modeline "1024x600"x25.1   18.26  1024 1056 1120 1152  600 614 617 631 (15.9 kHz z)
[2155079.315] (**) DUMMY(0): *Mode "800x600": 14.5 MHz, 15.9 kHz, 25.2 Hz
[2155079.315] (II) DUMMY(0): Modeline "800x600"x25.2   14.50  800 832 880 912  600 614 617 631 (15.9 kHz z)
[2155079.315] (**) DUMMY(0): *Default mode "320x200": 15.8 MHz, 37.9 kHz, 85.3 Hz (D)
[2155079.315] (II) DUMMY(0): Modeline "320x200"x85.3   15.75  320 336 368 416  200 200 202 222 doublescan -hsync +vsync (37.9 kHz zd)
[2155079.315] (**) DUMMY(0):  Mode "6400x4096": 151.4 MHz, 21.5 kHz, 5.0 Hz
[2155079.315] (II) DUMMY(0): Modeline "6400x4096"x5.0  151.38  6400 6432 7000 7032  4096 4196 4200 4301 (21.5 kHz)
[2155079.315] (**) DUMMY(0):  Mode "4720x3840": 227.9 MHz, 40.3 kHz, 10.0 Hz
[2155079.315] (II) DUMMY(0): Modeline "4720x3840"x10.0  227.86  4720 4752 5616 5648  3840 3933 3940 4033 (40.3 kHz)
[2155079.315] (**) DUMMY(0):  Mode "6400x2560": 91.6 MHz, 13.5 kHz, 5.0 Hz
[2155079.315] (II) DUMMY(0): Modeline "6400x2560"x5.0   91.59  6400 6432 6776 6808  2560 2623 2626 2689 (13.5 kHz)
[2155079.315] (**) DUMMY(0):  Mode "5120x2880": 185.5 MHz, 29.0 kHz, 10.0 Hz
[2155079.315] (II) DUMMY(0): Modeline "5120x2880"x10.0  185.50  5120 5256 5760 6400  2880 2883 2888 2899 (29.0 kHz)
[2155079.315] (**) DUMMY(0):  Mode "6400x2160": 160.5 MHz, 22.7 kHz, 10.0 Hz
[2155079.315] (II) DUMMY(0): Modeline "6400x2160"x10.0  160.51  6400 6432 7040 7072  2160 2212 2216 2269 (22.7 kHz)
[2155079.315] (**) DUMMY(0):  Mode "5280x2560": 75.7 MHz, 13.5 kHz, 5.0 Hz
[2155079.315] (II) DUMMY(0): Modeline "5280x2560"x5.0   75.72  5280 5312 5592 5624  2560 2623 2626 2689 (13.5 kHz)
[2155079.315] (**) DUMMY(0):  Mode "5120x2560": 73.5 MHz, 13.5 kHz, 5.0 Hz
[2155079.315] (II) DUMMY(0): Modeline "5120x2560"x5.0   73.45  5120 5152 5424 5456  2560 2623 2626 2689 (13.5 kHz)
[2155079.315] (**) DUMMY(0):  Mode "5760x2160": 149.5 MHz, 21.7 kHz, 10.0 Hz
[2155079.315] (II) DUMMY(0): Modeline "5760x2160"x10.0  149.50  5760 5768 6320 6880  2160 2161 2164 2173 (21.7 kHz)
[2155079.315] (**) DUMMY(0):  Mode "4400x2560": 133.7 MHz, 26.9 kHz, 10.0 Hz
[2155079.315] (II) DUMMY(0): Modeline "4400x2560"x10.0  133.70  4400 4432 4936 4968  2560 2622 2627 2689 (26.9 kHz)
[2155079.315] (**) DUMMY(0):  Mode "5280x1920": 56.0 MHz, 10.1 kHz, 5.0 Hz
[2155079.315] (II) DUMMY(0): Modeline "5280x1920"x5.0   56.04  5280 5312 5520 5552  1920 1967 1969 2017 (10.1 kHz)
[2155079.315] (**) DUMMY(0):  Mode "4096x2304": 249.2 MHz, 46.6 kHz, 20.0 Hz
[2155079.315] (II) DUMMY(0): Modeline "4096x2304"x20.0  249.25  4096 4296 4720 5344  2304 2307 2312 2333 (46.6 kHz)
[2155079.315] (**) DUMMY(0):  Mode "4096x2160": 111.2 MHz, 21.7 kHz, 10.0 Hz
[2155079.315] (II) DUMMY(0): Modeline "4096x2160"x10.0  111.25  4096 4200 4608 5120  2160 2163 2173 2176 (21.7 kHz)
[2155079.315] (**) DUMMY(0):  Mode "3360x2560": 102.5 MHz, 26.9 kHz, 10.0 Hz
[2155079.315] (II) DUMMY(0): Modeline "3360x2560"x10.0  102.55  3360 3392 3776 3808  2560 2622 2627 2689 (26.9 kHz)
[2155079.315] (**) DUMMY(0):  Mode "5680x1440": 142.7 MHz, 22.7 kHz, 15.0 Hz
[2155079.315] (II) DUMMY(0): Modeline "5680x1440"x15.0  142.66  5680 5712 6248 6280  1440 1474 1478 1513 (22.7 kHz)
[2155079.315] (**) DUMMY(0):  Mode "3120x2560": 95.4 MHz, 26.9 kHz, 10.0 Hz
[2155079.316] (II) DUMMY(0): Modeline "3120x2560"x10.0   95.36  3120 3152 3512 3544  2560 2622 2627 2689 (26.9 kHz)
[2155079.316] (**) DUMMY(0):  Mode "3072x2560": 93.9 MHz, 26.9 kHz, 10.0 Hz
[2155079.316] (II) DUMMY(0): Modeline "3072x2560"x10.0   93.92  3072 3104 3456 3488  2560 2622 2627 2689 (26.9 kHz)
[2155079.316] (**) DUMMY(0):  Mode "3000x2560": 91.8 MHz, 26.9 kHz, 10.0 Hz
[2155079.316] (II) DUMMY(0): Modeline "3000x2560"x10.0   91.77  3000 3032 3376 3408  2560 2622 2627 2689 (26.9 kHz)
[2155079.316] (**) DUMMY(0):  Mode "4000x1660": 170.3 MHz, 33.6 kHz, 20.0 Hz
[2155079.316] (II) DUMMY(0): Modeline "4000x1660"x20.0  170.32  4000 4128 4536 5072  1660 1661 1664 1679 (33.6 kHz)
[2155079.316] (**) DUMMY(0):  Mode "5496x1200": 199.1 MHz, 31.5 kHz, 25.0 Hz
[2155079.316] (II) DUMMY(0): Modeline "5496x1200"x25.0  199.13  5496 5528 6280 6312  1200 1228 1233 1261 (31.5 kHz)
[2155079.316] (**) DUMMY(0):  Mode "4480x1440": 72.9 MHz, 15.1 kHz, 10.0 Hz
[2155079.316] (II) DUMMY(0): Modeline "4480x1440"x10.0   72.94  4480 4512 4784 4816  1440 1475 1478 1513 (15.1 kHz)
[2155079.316] (**) DUMMY(0):  Mode "5280x1200": 191.4 MHz, 31.6 kHz, 25.0 Hz
[2155079.316] (II) DUMMY(0): Modeline "5280x1200"x25.0  191.40  5280 5312 6032 6064  1200 1228 1233 1261 (31.6 kHz)
[2155079.316] (**) DUMMY(0):  Mode "4240x1440": 69.1 MHz, 15.2 kHz, 10.0 Hz
[2155079.316] (II) DUMMY(0): Modeline "4240x1440"x10.0   69.09  4240 4272 4528 4560  1440 1475 1478 1513 (15.2 kHz)
[2155079.316] (**) DUMMY(0):  Mode "4160x1440": 67.8 MHz, 15.1 kHz, 10.0 Hz
[2155079.316] (II) DUMMY(0): Modeline "4160x1440"x10.0   67.81  4160 4192 4448 4480  1440 1475 1478 1513 (15.1 kHz)
[2155079.316] (**) DUMMY(0):  Mode "4800x1200": 64.4 MHz, 12.6 kHz, 10.0 Hz
[2155079.316] (II) DUMMY(0): Modeline "4800x1200"x10.0   64.42  4800 4832 5072 5104  1200 1229 1231 1261 (12.6 kHz)
[2155079.316] (**) DUMMY(0):  Mode "4000x1440": 145.0 MHz, 29.1 kHz, 20.0 Hz
[2155079.316] (II) DUMMY(0): Modeline "4000x1440"x20.0  145.00  4000 4088 4488 4976  1440 1441 1444 1457 (29.1 kHz)
[2155079.316] (**) DUMMY(0):  Mode "3200x1800": 233.0 MHz, 55.0 kHz, 30.0 Hz
[2155079.316] (II) DUMMY(0): Modeline "3200x1800"x30.0  233.00  3200 3384 3720 4240  1800 1803 1808 1834 (55.0 kHz)
[2155079.316] (**) DUMMY(0):  Mode "2560x2240": 151.6 MHz, 45.3 kHz, 20.0 Hz
[2155079.316] (II) DUMMY(0): Modeline "2560x2240"x20.0  151.55  2560 2688 2952 3344  2240 2241 2244 2266 (45.3 kHz)
[2155079.316] (**) DUMMY(0):  Mode "5280x1080": 170.0 MHz, 28.4 kHz, 25.0 Hz
[2155079.316] (II) DUMMY(0): Modeline "5280x1080"x25.0  169.96  5280 5312 5952 5984  1080 1105 1110 1135 (28.4 kHz)
[2155079.316] (**) DUMMY(0):  Mode "3904x1440": 63.7 MHz, 15.1 kHz, 10.0 Hz
[2155079.316] (II) DUMMY(0): Modeline "3904x1440"x10.0   63.70  3904 3936 4176 4208  1440 1475 1478 1513 (15.1 kHz)
[2155079.316] (**) DUMMY(0):  Mode "3008x1692": 130.9 MHz, 34.2 kHz, 20.0 Hz
[2155079.316] (II) DUMMY(0): Modeline "3008x1692"x20.0  130.93  3008 3112 3416 3824  1692 1693 1696 1712 (34.2 kHz)
[2155079.316] (**) DUMMY(0):  Mode "2880x1620": 396.2 MHz, 100.7 kHz, 60.0 Hz
[2155079.316] (II) DUMMY(0): Modeline "2880x1620"x60.0  396.25  2880 3096 3408 3936  1620 1623 1628 1679 (100.7 kHz)
[2155079.316] (**) DUMMY(0):  Mode "3840x1200": 108.9 MHz, 25.3 kHz, 20.0 Hz
[2155079.316] (II) DUMMY(0): Modeline "3840x1200"x20.0  108.89  3840 3872 4280 4312  1200 1228 1232 1261 (25.3 kHz)
[2155079.316] (**) DUMMY(0):  Mode "2728x1680": 148.0 MHz, 44.2 kHz, 25.0 Hz
[2155079.316] (II) DUMMY(0): Modeline "2728x1680"x25.0  148.02  2728 2760 3320 3352  1680 1719 1726 1765 (44.2 kHz)
[2155079.316] (**) DUMMY(0):  Mode "3600x1200": 106.1 MHz, 24.3 kHz, 20.0 Hz
[2155079.316] (II) DUMMY(0): Modeline "3600x1200"x20.0  106.06  3600 3632 3984 4368  1200 1201 1204 1214 (24.3 kHz)
[2155079.316] (**) DUMMY(0):  Mode "3520x1196": 99.5 MHz, 25.1 kHz, 20.0 Hz
[2155079.316] (II) DUMMY(0): Modeline "3520x1196"x20.0   99.53  3520 3552 3928 3960  1196 1224 1228 1256 (25.1 kHz)
[2155079.316] (**) DUMMY(0):  Mode "3840x1080": 100.4 MHz, 21.9 kHz, 20.0 Hz
[2155079.316] (II) DUMMY(0): Modeline "3840x1080"x20.0  100.38  3840 3848 4216 4592  1080 1081 1084 1093 (21.9 kHz)
[2155079.316] (**) DUMMY(0):  Mode "3864x1050": 94.6 MHz, 22.1 kHz, 20.0 Hz
[2155079.316] (II) DUMMY(0): Modeline "3864x1050"x20.0   94.58  3864 3896 4248 4280  1050 1074 1078 1103 (22.1 kHz)
[2155079.316] (**) DUMMY(0):  Mode "3600x1080": 91.0 MHz, 22.7 kHz, 20.0 Hz
[2155079.316] (II) DUMMY(0): Modeline "3600x1080"x20.0   91.02  3600 3632 3976 4008  1080 1105 1109 1135 (22.7 kHz)
[2155079.316] (**) DUMMY(0):  Mode "2560x1440": 42.1 MHz, 15.1 kHz, 10.0 Hz
[2155079.316] (II) DUMMY(0): Modeline "2560x1440"x10.0   42.12  2560 2592 2752 2784  1440 1475 1478 1513 (15.1 kHz)
[2155079.316] (**) DUMMY(0):  Mode "2560x1400": 267.9 MHz, 73.6 kHz, 50.0 Hz
[2155079.316] (II) DUMMY(0): Modeline "2560x1400"x50.0  267.86  2560 2592 3608 3640  1400 1429 1441 1471 (73.6 kHz)
[2155079.316] (**) DUMMY(0):  Mode "3288x1080": 39.8 MHz, 11.4 kHz, 10.0 Hz
[2155079.316] (II) DUMMY(0): Modeline "3288x1080"x10.0   39.76  3288 3320 3464 3496  1080 1106 1108 1135 (11.4 kHz)
[2155079.316] (**) DUMMY(0):  Mode "3360x1050": 293.8 MHz, 65.3 kHz, 60.0 Hz
[2155079.316] (II) DUMMY(0): Modeline "3360x1050"x60.0  293.75  3360 3576 3928 4496  1050 1053 1063 1089 (65.3 kHz)
[2155079.316] (**) DUMMY(0):  Mode "3200x1080": 236.2 MHz, 56.8 kHz, 50.0 Hz
[2155079.316] (II) DUMMY(0): Modeline "3200x1080"x50.0  236.16  3200 3232 4128 4160  1080 1103 1112 1135 (56.8 kHz)
[2155079.316] (**) DUMMY(0):  Mode "3120x1050": 272.8 MHz, 65.3 kHz, 60.0 Hz
[2155079.316] (II) DUMMY(0): Modeline "3120x1050"x60.0  272.75  3120 3320 3648 4176  1050 1053 1063 1089 (65.3 kHz)
[2155079.316] (**) DUMMY(0):  Mode "2048x1536": 80.1 MHz, 31.1 kHz, 20.0 Hz
[2155079.316] (II) DUMMY(0): Modeline "2048x1536"x20.0   80.06  2048 2104 2312 2576  1536 1537 1540 1554 (31.1 kHz)
[2155079.316] (**) DUMMY(0):  Mode "1728x1520": 205.4 MHz, 80.0 kHz, 50.1 Hz
[2155079.316] (II) DUMMY(0): Modeline "1728x1520"x50.1  205.42  1728 1760 2536 2568  1520 1552 1564 1597 (80.0 kHz)
[2155079.316] (**) DUMMY(0):  Default mode "1856x1392": 288.0 MHz, 112.5 kHz, 75.0 Hz
[2155079.316] (II) DUMMY(0): Modeline "1856x1392"x75.0  288.00  1856 1984 2208 2560  1392 1393 1396 1500 -hsync +vsync (112.5 kHz d)
[2155079.316] (**) DUMMY(0):  Default mode "1856x1392": 218.3 MHz, 86.4 kHz, 60.0 Hz
[2155079.316] (II) DUMMY(0): Modeline "1856x1392"x60.0  218.30  1856 1952 2176 2528  1392 1393 1396 1439 -hsync +vsync (86.4 kHz d)
[2155079.316] (**) DUMMY(0):  Default mode "1792x1344": 261.0 MHz, 106.3 kHz, 75.0 Hz
[2155079.316] (II) DUMMY(0): Modeline "1792x1344"x75.0  261.00  1792 1888 2104 2456  1344 1345 1348 1417 -hsync +vsync (106.3 kHz d)
[2155079.316] (**) DUMMY(0):  Default mode "1792x1344": 204.8 MHz, 83.7 kHz, 60.0 Hz
[2155079.316] (II) DUMMY(0): Modeline "1792x1344"x60.0  204.80  1792 1920 2120 2448  1344 1345 1348 1394 -hsync +vsync (83.7 kHz d)
[2155079.316] (**) DUMMY(0):  Mode "2048x1152": 198.0 MHz, 71.5 kHz, 60.0 Hz
[2155079.316] (II) DUMMY(0): Modeline "2048x1152"x60.0  197.97  2048 2184 2408 2768  1152 1153 1156 1192 (71.5 kHz)
[2155079.316] (**) DUMMY(0):  Mode "2048x1152": 165.9 MHz, 60.6 kHz, 50.1 Hz
[2155079.316] (II) DUMMY(0): Modeline "2048x1152"x50.1  165.92  2048 2080 2704 2736  1152 1176 1186 1210 (60.6 kHz)
[2155079.316] (**) DUMMY(0):  Default mode "1400x1050": 155.8 MHz, 81.5 kHz, 74.8 Hz
[2155079.316] (II) DUMMY(0): Modeline "1400x1050"x74.8  155.80  1400 1464 1784 1912  1050 1052 1064 1090 +hsync +vsync (81.5 kHz d)
[2155079.316] (**) DUMMY(0):  Default mode "1400x1050": 145.1 MHz, 76.5 kHz, 70.0 Hz
[2155079.316] (II) DUMMY(0): Modeline "1400x1050"x70.0  145.06  1400 1496 1648 1896  1050 1051 1054 1093 -hsync +vsync (76.5 kHz d)
[2155079.316] (**) DUMMY(0):  Default mode "1400x1050": 122.0 MHz, 64.9 kHz, 60.0 Hz
[2155079.316] (II) DUMMY(0): Modeline "1400x1050"x60.0  122.00  1400 1488 1640 1880  1050 1052 1064 1082 +hsync +vsync (64.9 kHz d)
[2155079.316] (**) DUMMY(0):  Mode "1400x900": 103.5 MHz, 56.0 kHz, 60.0 Hz
[2155079.316] (II) DUMMY(0): Modeline "1400x900"x60.0  103.50  1400 1480 1624 1848  900 903 913 934 (56.0 kHz)
[2155079.316] (**) DUMMY(0):  Default mode "1280x960": 148.5 MHz, 85.9 kHz, 85.0 Hz
[2155079.316] (II) DUMMY(0): Modeline "1280x960"x85.0  148.50  1280 1344 1504 1728  960 961 964 1011 +hsync +vsync (85.9 kHz d)
[2155079.316] (**) DUMMY(0):  Default mode "1280x960": 108.0 MHz, 60.0 kHz, 60.0 Hz
[2155079.316] (II) DUMMY(0): Modeline "1280x960"x60.0  108.00  1280 1376 1488 1800  960 961 964 1000 +hsync +vsync (60.0 kHz d)
[2155079.316] (**) DUMMY(0):  Mode "1360x768": 24.5 MHz, 16.2 kHz, 20.1 Hz
[2155079.316] (II) DUMMY(0): Modeline "1360x768"x20.1   24.49  1360 1392 1480 1512  768 786 789 807 (16.2 kHz)
[2155079.316] (**) DUMMY(0):  Mode "800x1280": 25.9 MHz, 27.0 kHz, 20.1 Hz
[2155079.316] (II) DUMMY(0): Modeline "800x1280"x20.1   25.89  800 832 928 960  1280 1310 1315 1345 (27.0 kHz)
[2155079.316] (**) DUMMY(0):  Mode "1280x800": 24.1 MHz, 16.9 kHz, 20.1 Hz
[2155079.316] (II) DUMMY(0): Modeline "1280x800"x20.1   24.15  1280 1312 1400 1432  800 819 822 841 (16.9 kHz)
[2155079.316] (**) DUMMY(0):  Default mode "1152x864": 143.5 MHz, 91.5 kHz, 100.0 Hz
[2155079.316] (II) DUMMY(0): Modeline "1152x864"x100.0  143.47  1152 1232 1360 1568  864 865 868 915 -hsync +vsync (91.5 kHz d)
[2155079.316] (**) DUMMY(0):  Default mode "1152x864": 121.5 MHz, 77.5 kHz, 85.1 Hz
[2155079.316] (II) DUMMY(0): Modeline "1152x864"x85.1  121.50  1152 1216 1344 1568  864 865 868 911 +hsync -vsync (77.5 kHz d)
[2155079.316] (**) DUMMY(0):  Default mode "1152x864": 119.7 MHz, 77.1 kHz, 85.0 Hz
[2155079.316] (II) DUMMY(0): Modeline "1152x864"x85.0  119.65  1152 1224 1352 1552  864 865 868 907 -hsync +vsync (77.1 kHz d)
[2155079.316] (**) DUMMY(0):  Default mode "1152x864": 108.0 MHz, 67.5 kHz, 75.0 Hz
[2155079.316] (II) DUMMY(0): Modeline "1152x864"x75.0  108.00  1152 1216 1344 1600  864 865 868 900 +hsync +vsync (67.5 kHz d)
[2155079.316] (**) DUMMY(0):  Default mode "1152x864": 105.0 MHz, 67.6 kHz, 75.0 Hz
[2155079.316] (II) DUMMY(0): Modeline "1152x864"x75.0  104.99  1152 1224 1352 1552  864 865 868 902 -hsync +vsync (67.6 kHz d)
[2155079.316] (**) DUMMY(0):  Default mode "1152x864": 96.8 MHz, 63.0 kHz, 70.0 Hz
[2155079.316] (II) DUMMY(0): Modeline "1152x864"x70.0   96.77  1152 1224 1344 1536  864 865 868 900 -hsync +vsync (63.0 kHz d)
[2155079.316] (**) DUMMY(0):  Default mode "1152x864": 81.6 MHz, 53.7 kHz, 60.0 Hz
[2155079.316] (II) DUMMY(0): Modeline "1152x864"x60.0   81.62  1152 1216 1336 1520  864 865 868 895 -hsync +vsync (53.7 kHz d)
[2155079.316] (**) DUMMY(0):  Mode "800x1242": 25.0 MHz, 26.3 kHz, 20.1 Hz
[2155079.316] (II) DUMMY(0): Modeline "800x1242"x20.1   25.03  800 832 920 952  1242 1271 1275 1305 (26.3 kHz)
[2155079.316] (**) DUMMY(0):  Mode "1280x768": 23.1 MHz, 16.2 kHz, 20.1 Hz
[2155079.316] (II) DUMMY(0): Modeline "1280x768"x20.1   23.11  1280 1312 1392 1424  768 786 789 807 (16.2 kHz)
[2155079.316] (**) DUMMY(0):  Mode "1280x762": 22.9 MHz, 16.1 kHz, 20.1 Hz
[2155079.316] (II) DUMMY(0): Modeline "1280x762"x20.1   22.93  1280 1312 1392 1424  762 780 783 801 (16.1 kHz)
[2155079.316] (**) DUMMY(0):  Mode "1280x720": 59.4 MHz, 37.9 kHz, 50.1 Hz
[2155079.316] (II) DUMMY(0): Modeline "1280x720"x50.1   59.42  1280 1312 1536 1568  720 735 741 757 (37.9 kHz)
[2155079.316] (**) DUMMY(0):  Mode "720x1280": 30.2 MHz, 33.7 kHz, 25.1 Hz
[2155079.316] (II) DUMMY(0): Modeline "720x1280"x25.1   30.22  720 752 864 896  1280 1309 1315 1345 (33.7 kHz)
[2155079.316] (**) DUMMY(0):  Mode "1280x720": 27.4 MHz, 18.9 kHz, 25.0 Hz
[2155079.316] (II) DUMMY(0): Modeline "1280x720"x25.0   27.41  1280 1312 1416 1448  720 737 740 757 (18.9 kHz)
[2155079.316] (**) DUMMY(0):  Mode "720x1242": 29.2 MHz, 32.9 kHz, 25.2 Hz
[2155079.316] (II) DUMMY(0): Modeline "720x1242"x25.2   29.20  720 752 856 888  1242 1271 1276 1305 (32.9 kHz)
[2155079.316] (**) DUMMY(0):  Mode "1280x682": 25.9 MHz, 18.0 kHz, 25.0 Hz
[2155079.316] (II) DUMMY(0): Modeline "1280x682"x25.0   25.85  1280 1312 1408 1440  682 698 701 717 (18.0 kHz)
[2155079.316] (**) DUMMY(0):  Mode "1024x768": 18.7 MHz, 16.2 kHz, 20.1 Hz
[2155079.316] (II) DUMMY(0): Modeline "1024x768"x20.1   18.71  1024 1056 1120 1152  768 786 789 807 (16.2 kHz)
[2155079.316] (**) DUMMY(0):  Mode "768x1024": 24.9 MHz, 27.1 kHz, 25.2 Hz
[2155079.316] (II) DUMMY(0): Modeline "768x1024"x25.2   24.93  768 800 888 920  1024 1047 1052 1076 (27.1 kHz)
[2155079.316] (**) DUMMY(0):  Mode "768x1024": 19.5 MHz, 21.6 kHz, 20.0 Hz
[2155079.316] (II) DUMMY(0): Modeline "768x1024"x20.0   19.50  768 800 872 904  1024 1048 1052 1076 (21.6 kHz)
[2155079.316] (**) DUMMY(0):  Default mode "1024x768i": 44.9 MHz, 35.5 kHz, 86.9 Hz (I)
[2155079.317] (II) DUMMY(0): Modeline "1024x768i"x86.9   44.90  1024 1032 1208 1264  768 768 776 817 interlace +hsync +vsync (35.5 kHz d)
[2155079.317] (**) DUMMY(0):  Mode "768x986": 23.9 MHz, 26.0 kHz, 25.1 Hz
[2155079.317] (II) DUMMY(0): Modeline "768x986"x25.1   23.90  768 800 888 920  986 1009 1013 1036 (26.0 kHz)
[2155079.317] (**) DUMMY(0):  Mode "1024x730": 22.5 MHz, 19.3 kHz, 25.1 Hz
[2155079.317] (II) DUMMY(0): Modeline "1024x730"x25.1   22.50  1024 1056 1136 1168  730 747 750 767 (19.3 kHz)
[2155079.317] (**) DUMMY(0):  Default mode "960x720": 170.7 MHz, 128.5 kHz, 85.0 Hz (D)
[2155079.317] (II) DUMMY(0): Modeline "960x720"x85.0  170.68  960 1036 1144 1328  720 720 722 756 doublescan -hsync +vsync (128.5 kHz d)
[2155079.317] (**) DUMMY(0):  Default mode "960x720": 148.5 MHz, 112.5 kHz, 75.0 Hz (D)
[2155079.317] (II) DUMMY(0): Modeline "960x720"x75.0  148.50  960 1032 1144 1320  720 720 722 750 doublescan -hsync +vsync (112.5 kHz d)
[2155079.317] (**) DUMMY(0):  Default mode "960x720": 117.0 MHz, 90.0 kHz, 60.0 Hz (D)
[2155079.317] (II) DUMMY(0): Modeline "960x720"x60.0  117.00  960 1024 1128 1300  720 720 722 750 doublescan -hsync +vsync (90.0 kHz d)
[2155079.317] (**) DUMMY(0):  Mode "1024x640": 42.0 MHz, 33.9 kHz, 50.3 Hz
[2155079.317] (II) DUMMY(0): Modeline "1024x640"x50.3   41.98  1024 1056 1208 1240  640 653 659 673 (33.9 kHz)
[2155079.317] (**) DUMMY(0):  Default mode "928x696": 144.0 MHz, 112.5 kHz, 75.0 Hz (D)
[2155079.317] (II) DUMMY(0): Modeline "928x696"x75.0  144.00  928 992 1104 1280  696 696 698 750 doublescan -hsync +vsync (112.5 kHz d)
[2155079.317] (**) DUMMY(0):  Default mode "928x696": 109.2 MHz, 86.4 kHz, 60.1 Hz (D)
[2155079.317] (II) DUMMY(0): Modeline "928x696"x60.1  109.15  928 976 1088 1264  696 696 698 719 doublescan -hsync +vsync (86.4 kHz d)
[2155079.317] (**) DUMMY(0):  Mode "600x1024": 19.9 MHz, 27.0 kHz, 25.1 Hz
[2155079.317] (II) DUMMY(0): Modeline "600x1024"x25.1   19.90  600 632 704 736  1024 1047 1052 1076 (27.0 kHz)
[2155079.317] (**) DUMMY(0):  Default mode "896x672": 130.5 MHz, 106.3 kHz, 75.0 Hz (D)
[2155079.317] (II) DUMMY(0): Modeline "896x672"x75.0  130.50  896 944 1052 1228  672 672 674 708 doublescan -hsync +vsync (106.3 kHz d)
[2155079.317] (**) DUMMY(0):  Default mode "896x672": 102.4 MHz, 83.7 kHz, 60.0 Hz (D)
[2155079.317] (II) DUMMY(0): Modeline "896x672"x60.0  102.40  896 960 1060 1224  672 672 674 697 doublescan -hsync +vsync (83.7 kHz d)
[2155079.317] (**) DUMMY(0):  Mode "600x986": 19.1 MHz, 25.9 kHz, 25.0 Hz
[2155079.317] (II) DUMMY(0): Modeline "600x986"x25.0   19.07  600 632 704 736  986 1009 1013 1036 (25.9 kHz)
[2155079.317] (**) DUMMY(0):  Mode "1024x576": 46.5 MHz, 35.9 kHz, 59.9 Hz
[2155079.317] (II) DUMMY(0): Modeline "1024x576"x59.9   46.50  1024 1064 1160 1296  576 579 584 599 (35.9 kHz)
[2155079.317] (**) DUMMY(0):  Mode "1024x562": 17.0 MHz, 14.8 kHz, 25.0 Hz
[2155079.317] (II) DUMMY(0): Modeline "1024x562"x25.0   17.03  1024 1056 1120 1152  562 575 578 591 (14.8 kHz)
[2155079.317] (**) DUMMY(0):  Default mode "832x624": 57.3 MHz, 49.7 kHz, 74.6 Hz
[2155079.317] (II) DUMMY(0): Modeline "832x624"x74.6   57.28  832 864 928 1152  624 625 628 667 -hsync -vsync (49.7 kHz d)
[2155079.317] (**) DUMMY(0):  Mode "960x540": 40.8 MHz, 33.5 kHz, 59.6 Hz
[2155079.317] (II) DUMMY(0): Modeline "960x540"x59.6   40.75  960 992 1088 1216  540 543 548 562 (33.5 kHz)
[2155079.317] (**) DUMMY(0):  Mode "536x960": 16.7 MHz, 25.5 kHz, 25.3 Hz
[2155079.317] (II) DUMMY(0): Modeline "536x960"x25.3   16.74  536 568 624 656  960 982 986 1009 (25.5 kHz)
[2155079.317] (**) DUMMY(0):  Mode "960x536": 15.2 MHz, 14.1 kHz, 25.0 Hz
[2155079.317] (II) DUMMY(0): Modeline "960x536"x25.0   15.23  960 992 1048 1080  536 548 551 563 (14.1 kHz)
[2155079.317] (**) DUMMY(0):  Mode "536x922": 16.0 MHz, 24.4 kHz, 25.2 Hz
[2155079.317] (II) DUMMY(0): Modeline "536x922"x25.2   16.01  536 568 624 656  922 943 947 969 (24.4 kHz)
[2155079.317] (**) DUMMY(0):  Mode "600x800": 15.2 MHz, 21.1 kHz, 25.1 Hz
[2155079.317] (II) DUMMY(0): Modeline "600x800"x25.1   15.17  600 632 688 720  800 818 822 841 (21.1 kHz)
[2155079.317] (**) DUMMY(0):  Mode "960x498": 14.1 MHz, 13.1 kHz, 25.1 Hz
[2155079.317] (II) DUMMY(0): Modeline "960x498"x25.1   14.09  960 992 1040 1072  498 509 511 523 (13.1 kHz)
[2155079.317] (**) DUMMY(0):  Mode "600x762": 14.4 MHz, 20.2 kHz, 25.2 Hz
[2155079.317] (II) DUMMY(0): Modeline "600x762"x25.2   14.39  600 632 680 712  762 779 783 801 (20.2 kHz)
[2155079.317] (**) DUMMY(0):  Mode "800x562": 13.5 MHz, 14.8 kHz, 25.1 Hz
[2155079.317] (II) DUMMY(0): Modeline "800x562"x25.1   13.52  800 832 880 912  562 575 578 591 (14.8 kHz)
[2155079.317] (**) DUMMY(0):  Default mode "840x525": 107.4 MHz, 93.9 kHz, 85.0 Hz (D)
[2155079.317] (II) DUMMY(0): Modeline "840x525"x85.0  107.38  840 904 992 1144  525 526 529 552 doublescan -hsync +vsync (93.9 kHz d)
[2155079.317] (**) DUMMY(0):  Default mode "840x525": 93.5 MHz, 82.3 kHz, 75.0 Hz (D)
[2155079.317] (II) DUMMY(0): Modeline "840x525"x75.0   93.50  840 900 988 1136  525 526 529 549 doublescan -hsync +vsync (82.3 kHz d)
[2155079.317] (**) DUMMY(0):  Default mode "840x525": 87.0 MHz, 76.6 kHz, 69.9 Hz (D)
[2155079.317] (II) DUMMY(0): Modeline "840x525"x69.9   87.00  840 900 988 1136  525 526 529 548 doublescan -hsync +vsync (76.6 kHz d)
[2155079.317] (**) DUMMY(0):  Default mode "840x525": 73.1 MHz, 65.3 kHz, 60.0 Hz (D)
[2155079.317] (II) DUMMY(0): Modeline "840x525"x60.0   73.12  840 892 980 1120  525 526 529 544 doublescan -hsync +vsync (65.3 kHz d)
[2155079.317] (**) DUMMY(0):  Mode "864x486": 32.5 MHz, 30.3 kHz, 59.9 Hz
[2155079.317] (II) DUMMY(0): Modeline "864x486"x59.9   32.50  864 888 968 1072  486 489 494 506 (30.3 kHz)
[2155079.317] (**) DUMMY(0):  Mode "480x854": 13.3 MHz, 22.5 kHz, 25.1 Hz
[2155079.317] (II) DUMMY(0): Modeline "480x854"x25.1   13.34  480 512 560 592  854 873 877 897 (22.5 kHz)
[2155079.317] (**) DUMMY(0):  Mode "848x480": 12.1 MHz, 12.7 kHz, 25.1 Hz
[2155079.317] (II) DUMMY(0): Modeline "848x480"x25.1   12.09  848 880 920 952  480 491 493 505 (12.7 kHz)
[2155079.317] (**) DUMMY(0):  Mode "480x810": 12.6 MHz, 21.6 kHz, 25.3 Hz
[2155079.317] (II) DUMMY(0): Modeline "480x810"x25.3   12.59  480 512 552 584  810 828 832 851 (21.6 kHz)
[2155079.317] (**) DUMMY(0):  Mode "480x800": 12.4 MHz, 21.3 kHz, 25.3 Hz
[2155079.317] (II) DUMMY(0): Modeline "480x800"x25.3   12.43  480 512 552 584  800 818 822 841 (21.3 kHz)
[2155079.317] (**) DUMMY(0):  Mode "800x480": 11.5 MHz, 12.7 kHz, 25.1 Hz
[2155079.317] (II) DUMMY(0): Modeline "800x480"x25.1   11.46  800 832 872 904  480 491 493 505 (12.7 kHz)
[2155079.317] (**) DUMMY(0):  Mode "848x442": 11.1 MHz, 11.6 kHz, 25.1 Hz
[2155079.317] (II) DUMMY(0): Modeline "848x442"x25.1   11.09  848 880 920 952  442 452 454 465 (11.6 kHz)
[2155079.317] (**) DUMMY(0):  Default mode "700x525": 89.6 MHz, 93.8 kHz, 85.1 Hz (D)
[2155079.317] (II) DUMMY(0): Modeline "700x525"x85.1   89.63  700 752 828 956  525 525 527 551 doublescan -hsync +vsync (93.8 kHz d)
[2155079.317] (**) DUMMY(0):  Default mode "700x525": 77.9 MHz, 81.5 kHz, 74.8 Hz (D)
[2155079.317] (II) DUMMY(0): Modeline "700x525"x74.8   77.90  700 732 892 956  525 526 532 545 doublescan +hsync +vsync (81.5 kHz d)
[2155079.317] (**) DUMMY(0):  Default mode "700x525": 72.5 MHz, 76.5 kHz, 70.1 Hz (D)
[2155079.317] (II) DUMMY(0): Modeline "700x525"x70.1   72.53  700 748 824 948  525 525 527 546 doublescan -hsync +vsync (76.5 kHz d)
[2155079.317] (**) DUMMY(0):  Default mode "700x525": 61.0 MHz, 64.9 kHz, 60.0 Hz (D)
[2155079.317] (II) DUMMY(0): Modeline "700x525"x60.0   61.00  700 744 820 940  525 526 532 541 doublescan +hsync +vsync (64.9 kHz d)
[2155079.317] (**) DUMMY(0):  Mode "480x762": 11.8 MHz, 20.2 kHz, 25.2 Hz
[2155079.317] (II) DUMMY(0): Modeline "480x762"x25.2   11.79  480 512 552 584  762 779 783 801 (20.2 kHz)
[2155079.317] (**) DUMMY(0):  Default mode "640x512": 78.8 MHz, 91.1 kHz, 85.0 Hz (D)
[2155079.317] (II) DUMMY(0): Modeline "640x512"x85.0   78.75  640 672 752 864  512 512 514 536 doublescan +hsync +vsync (91.1 kHz d)
[2155079.317] (**) DUMMY(0):  Default mode "640x512": 67.5 MHz, 80.0 kHz, 75.0 Hz (D)
[2155079.317] (II) DUMMY(0): Modeline "640x512"x75.0   67.50  640 648 720 844  512 512 514 533 doublescan +hsync +vsync (80.0 kHz d)
[2155079.317] (**) DUMMY(0):  Default mode "640x512": 54.0 MHz, 64.0 kHz, 60.0 Hz (D)
[2155079.317] (II) DUMMY(0): Modeline "640x512"x60.0   54.00  640 664 720 844  512 512 514 533 doublescan +hsync +vsync (64.0 kHz d)
[2155079.317] (**) DUMMY(0):  Default mode "720x450": 53.2 MHz, 55.9 kHz, 59.9 Hz (D)
[2155079.317] (II) DUMMY(0): Modeline "720x450"x59.9   53.25  720 760 836 952  450 451 454 467 doublescan -hsync +vsync (55.9 kHz d)
[2155079.317] (**) DUMMY(0):  Default mode "640x480": 74.2 MHz, 85.9 kHz, 85.1 Hz (D)
[2155079.317] (II) DUMMY(0): Modeline "640x480"x85.1   74.25  640 672 752 864  480 480 482 505 doublescan +hsync +vsync (85.9 kHz d)
[2155079.317] (**) DUMMY(0):  Default mode "640x480": 36.0 MHz, 43.3 kHz, 85.0 Hz
[2155079.317] (II) DUMMY(0): Modeline "640x480"x85.0   36.00  640 696 752 832  480 481 484 509 -hsync -vsync (43.3 kHz d)
[2155079.317] (**) DUMMY(0):  Default mode "640x480": 31.5 MHz, 37.5 kHz, 75.0 Hz
[2155079.317] (II) DUMMY(0): Modeline "640x480"x75.0   31.50  640 656 720 840  480 481 484 500 -hsync -vsync (37.5 kHz d)
[2155079.317] (**) DUMMY(0):  Default mode "640x480": 31.5 MHz, 37.9 kHz, 72.8 Hz
[2155079.317] (II) DUMMY(0): Modeline "640x480"x72.8   31.50  640 664 704 832  480 489 492 520 -hsync -vsync (37.9 kHz d)
[2155079.317] (**) DUMMY(0):  Default mode "640x480": 54.0 MHz, 60.0 kHz, 60.0 Hz (D)
[2155079.317] (II) DUMMY(0): Modeline "640x480"x60.0   54.00  640 688 744 900  480 480 482 500 doublescan +hsync +vsync (60.0 kHz d)
[2155079.317] (**) DUMMY(0):  Default mode "640x480": 25.2 MHz, 31.5 kHz, 59.9 Hz
[2155079.317] (II) DUMMY(0): Modeline "640x480"x59.9   25.18  640 656 752 800  480 490 492 525 -hsync -vsync (31.5 kHz d)
[2155079.317] (**) DUMMY(0):  Mode "720x405": 22.5 MHz, 25.1 kHz, 59.5 Hz
[2155079.317] (II) DUMMY(0): Modeline "720x405"x59.5   22.50  720 744 808 896  405 408 413 422 (25.1 kHz)
[2155079.317] (**) DUMMY(0):  Default mode "720x400": 35.5 MHz, 37.9 kHz, 85.0 Hz
[2155079.317] (II) DUMMY(0): Modeline "720x400"x85.0   35.50  720 756 828 936  400 401 404 446 -hsync +vsync (37.9 kHz d)
[2155079.317] (**) DUMMY(0):  Default mode "680x384": 36.0 MHz, 47.4 kHz, 60.0 Hz (D)
[2155079.317] (II) DUMMY(0): Modeline "680x384"x60.0   36.00  680 704 720 760  384 385 390 395 doublescan +hsync -vsync (47.4 kHz d)
[2155079.317] (**) DUMMY(0):  Default mode "680x384": 42.4 MHz, 47.7 kHz, 59.8 Hz (D)
[2155079.317] (II) DUMMY(0): Modeline "680x384"x59.8   42.38  680 716 784 888  384 385 390 399 doublescan -hsync +vsync (47.7 kHz d)
[2155079.317] (**) DUMMY(0):  Default mode "640x400": 31.5 MHz, 37.9 kHz, 85.1 Hz
[2155079.317] (II) DUMMY(0): Modeline "640x400"x85.1   31.50  640 672 736 832  400 401 404 445 -hsync +vsync (37.9 kHz d)
[2155079.317] (**) DUMMY(0):  Default mode "576x432": 71.7 MHz, 91.5 kHz, 100.1 Hz (D)
[2155079.317] (II) DUMMY(0): Modeline "576x432"x100.1   71.73  576 616 680 784  432 432 434 457 doublescan -hsync +vsync (91.5 kHz d)
[2155079.317] (**) DUMMY(0):  Default mode "576x432": 60.8 MHz, 77.5 kHz, 85.2 Hz (D)
[2155079.317] (II) DUMMY(0): Modeline "576x432"x85.2   60.75  576 608 672 784  432 432 434 455 doublescan +hsync -vsync (77.5 kHz d)
[2155079.317] (**) DUMMY(0):  Default mode "576x432": 59.8 MHz, 77.1 kHz, 85.1 Hz (D)
[2155079.317] (II) DUMMY(0): Modeline "576x432"x85.1   59.83  576 612 676 776  432 432 434 453 doublescan -hsync +vsync (77.1 kHz d)
[2155079.317] (**) DUMMY(0):  Default mode "576x432": 54.0 MHz, 67.5 kHz, 75.0 Hz (D)
[2155079.317] (II) DUMMY(0): Modeline "576x432"x75.0   54.00  576 608 672 800  432 432 434 450 doublescan +hsync +vsync (67.5 kHz d)
[2155079.317] (**) DUMMY(0):  Default mode "576x432": 52.5 MHz, 67.6 kHz, 75.0 Hz (D)
[2155079.317] (II) DUMMY(0): Modeline "576x432"x75.0   52.49  576 612 676 776  432 432 434 451 doublescan -hsync +vsync (67.6 kHz d)
[2155079.317] (**) DUMMY(0):  Default mode "576x432": 48.4 MHz, 63.0 kHz, 70.0 Hz (D)
[2155079.317] (II) DUMMY(0): Modeline "576x432"x70.0   48.38  576 612 672 768  432 432 434 450 doublescan -hsync +vsync (63.0 kHz d)
[2155079.317] (**) DUMMY(0):  Default mode "576x432": 40.8 MHz, 53.7 kHz, 60.1 Hz (D)
[2155079.317] (II) DUMMY(0): Modeline "576x432"x60.1   40.81  576 608 668 760  432 432 434 447 doublescan -hsync +vsync (53.7 kHz d)
[2155079.317] (**) DUMMY(0):  Mode "640x360": 14.8 MHz, 18.4 kHz, 49.3 Hz
[2155079.317] (II) DUMMY(0): Modeline "640x360"x49.3   14.75  640 664 720 800  360 363 368 374 (18.4 kHz)
[2155079.317] (**) DUMMY(0):  Default mode "640x350": 31.5 MHz, 37.9 kHz, 85.1 Hz
[2155079.317] (II) DUMMY(0): Modeline "640x350"x85.1   31.50  640 672 736 832  350 382 385 445 +hsync -vsync (37.9 kHz d)
[2155079.317] (**) DUMMY(0):  Default mode "512x384i": 22.4 MHz, 35.5 kHz, 86.6 Hz (D)
[2155079.317] (II) DUMMY(0): Modeline "512x384i"x86.6   22.45  512 516 604 632  384 384 388 409 interlace doublescan +hsync +vsync (35.5 kHz d)
[2155079.317] (**) DUMMY(0):  Default mode "512x384": 47.2 MHz, 68.7 kHz, 85.0 Hz (D)
[2155079.317] (II) DUMMY(0): Modeline "512x384"x85.0   47.25  512 536 584 688  384 384 386 404 doublescan +hsync +vsync (68.7 kHz d)
[2155079.317] (**) DUMMY(0):  Default mode "512x384": 39.4 MHz, 60.0 kHz, 75.0 Hz (D)
[2155079.318] (II) DUMMY(0): Modeline "512x384"x75.0   39.38  512 520 568 656  384 384 386 400 doublescan +hsync +vsync (60.0 kHz d)
[2155079.318] (**) DUMMY(0):  Default mode "512x384": 37.5 MHz, 56.5 kHz, 70.1 Hz (D)
[2155079.318] (II) DUMMY(0): Modeline "512x384"x70.1   37.50  512 524 592 664  384 385 388 403 doublescan -hsync -vsync (56.5 kHz d)
[2155079.318] (**) DUMMY(0):  Default mode "512x384": 32.5 MHz, 48.4 kHz, 60.0 Hz (D)
[2155079.318] (II) DUMMY(0): Modeline "512x384"x60.0   32.50  512 524 592 672  384 385 388 403 doublescan -hsync -vsync (48.4 kHz d)
[2155079.318] (**) DUMMY(0):  Default mode "416x312": 28.6 MHz, 49.7 kHz, 74.7 Hz (D)
[2155079.318] (II) DUMMY(0): Modeline "416x312"x74.7   28.64  416 432 464 576  312 312 314 333 doublescan -hsync -vsync (49.7 kHz d)
[2155079.318] (**) DUMMY(0):  Default mode "400x300": 28.1 MHz, 53.7 kHz, 85.3 Hz (D)
[2155079.318] (II) DUMMY(0): Modeline "400x300"x85.3   28.15  400 416 448 524  300 300 302 315 doublescan +hsync +vsync (53.7 kHz d)
[2155079.318] (**) DUMMY(0):  Default mode "400x300": 24.8 MHz, 46.9 kHz, 75.1 Hz (D)
[2155079.318] (II) DUMMY(0): Modeline "400x300"x75.1   24.75  400 408 448 528  300 300 302 312 doublescan +hsync +vsync (46.9 kHz d)
[2155079.318] (**) DUMMY(0):  Default mode "400x300": 25.0 MHz, 48.1 kHz, 72.2 Hz (D)
[2155079.318] (II) DUMMY(0): Modeline "400x300"x72.2   25.00  400 428 488 520  300 318 321 333 doublescan +hsync +vsync (48.1 kHz d)
[2155079.318] (**) DUMMY(0):  Default mode "400x300": 20.0 MHz, 37.9 kHz, 60.3 Hz (D)
[2155079.318] (II) DUMMY(0): Modeline "400x300"x60.3   20.00  400 420 484 528  300 300 302 314 doublescan +hsync +vsync (37.9 kHz d)
[2155079.318] (**) DUMMY(0):  Default mode "400x300": 18.0 MHz, 35.2 kHz, 56.3 Hz (D)
[2155079.318] (II) DUMMY(0): Modeline "400x300"x56.3   18.00  400 412 448 512  300 300 301 312 doublescan +hsync +vsync (35.2 kHz d)
[2155079.318] (**) DUMMY(0):  Default mode "320x240": 18.0 MHz, 43.3 kHz, 85.2 Hz (D)
[2155079.318] (II) DUMMY(0): Modeline "320x240"x85.2   18.00  320 348 376 416  240 240 242 254 doublescan -hsync -vsync (43.3 kHz d)
[2155079.318] (**) DUMMY(0):  Default mode "320x240": 15.8 MHz, 37.5 kHz, 75.0 Hz (D)
[2155079.318] (II) DUMMY(0): Modeline "320x240"x75.0   15.75  320 328 360 420  240 240 242 250 doublescan -hsync -vsync (37.5 kHz d)
[2155079.318] (**) DUMMY(0):  Default mode "320x240": 15.8 MHz, 37.9 kHz, 72.8 Hz (D)
[2155079.318] (II) DUMMY(0): Modeline "320x240"x72.8   15.75  320 332 352 416  240 244 246 260 doublescan -hsync -vsync (37.9 kHz d)
[2155079.318] (**) DUMMY(0):  Default mode "320x240": 12.6 MHz, 31.5 kHz, 60.1 Hz (D)
[2155079.318] (II) DUMMY(0): Modeline "320x240"x60.1   12.59  320 328 376 400  240 245 246 262 doublescan -hsync -vsync (31.5 kHz d)
[2155079.318] (**) DUMMY(0):  Default mode "360x200": 17.8 MHz, 37.9 kHz, 85.0 Hz (D)
[2155079.318] (II) DUMMY(0): Modeline "360x200"x85.0   17.75  360 378 414 468  200 200 202 223 doublescan -hsync +vsync (37.9 kHz d)
[2155079.318] (**) DUMMY(0):  Default mode "320x175": 15.8 MHz, 37.9 kHz, 85.3 Hz (D)
[2155079.318] (II) DUMMY(0): Modeline "320x175"x85.3   15.75  320 336 368 416  175 191 192 222 doublescan +hsync -vsync (37.9 kHz d)
[2155079.318] (==) DUMMY(0): DPI set to (96, 96)
[2155079.318] (II) Loading sub module "fb"
[2155079.318] (II) LoadModule: "fb"
[2155079.318] (II) Loading /usr/lib/xorg/modules/libfb.so
[2155079.318] (II) Module fb: vendor="X.Org Foundation"
[2155079.318] 	compiled for 1.19.2, module version = 1.0.0
[2155079.318] 	ABI class: X.Org ANSI C Emulation, version 0.4
[2155079.318] (II) Loading sub module "ramdac"
[2155079.318] (II) LoadModule: "ramdac"
[2155079.318] (II) Module "ramdac" already built-in
[2155079.318] (--) Depth 24 pixmap format is 32 bpp
[2155079.318] (II) DUMMY(0): Using 3904 scanlines of offscreen memory 
[2155079.318] (==) DUMMY(0): Backing store enabled
[2155079.318] (==) DUMMY(0): Silken mouse enabled
[2155079.318] (WW) DUMMY(0): Option "ConstantDPI" is not used
[2155079.318] (==) RandR enabled
[2155079.321] (II) SELinux: Disabled on system
[2155079.321] (II) AIGLX: Screen 0 is not DRI2 capable
[2155079.321] (EE) AIGLX: reverting to software rendering
[2155079.346] (II) IGLX: enabled GLX_MESA_copy_sub_buffer
[2155079.347] (II) IGLX: Loaded and initialized swrast
[2155079.347] (II) GLX: Initialized DRISWRAST GL provider for screen 0
[2155079.481] (II) LoadModule: "mouse"
[2155079.481] (WW) Warning, couldn't open module mouse
[2155079.481] (II) UnloadModule: "mouse"
[2155079.481] (II) Unloading mouse
[2155079.481] (EE) Failed to load module "mouse" (module does not exist, 0)
[2155079.481] (EE) No input driver matching `mouse'
[2155079.481] (II) Falling back to input driver `libinput'
[2155079.481] (II) LoadModule: "libinput"
[2155079.481] (WW) Warning, couldn't open module libinput
[2155079.481] (II) UnloadModule: "libinput"
[2155079.481] (II) Unloading libinput
[2155079.481] (EE) Failed to load module "libinput" (module does not exist, 0)
[2155079.481] (II) LoadModule: "kbd"
[2155079.481] (WW) Warning, couldn't open module kbd
[2155079.481] (II) UnloadModule: "kbd"
[2155079.481] (II) Unloading kbd
[2155079.481] (EE) Failed to load module "kbd" (module does not exist, 0)
[2155079.481] (EE) No input driver matching `kbd'
[2155079.481] (II) Falling back to input driver `libinput'
[2155079.481] (II) LoadModule: "libinput"
[2155079.482] (WW) Warning, couldn't open module libinput
[2155079.482] (II) UnloadModule: "libinput"
[2155079.482] (II) Unloading libinput
[2155079.482] (EE) Failed to load module "libinput" (module does not exist, 0)
[2155079.495] (EE) dbus-core: error connecting to system bus: org.freedesktop.DBus.Error.FileNotFound (Failed to connect to socket /var/run/dbus/system_bus_socket: No such file or directory)
[2155080.581] (II) Server terminated successfully (0). Closing log file.
